2
8
26
80
242
728
2186
6560
19682
59048
177146
531440
1594322
4782968
14348906
43046720
129140162
387420488
162261459
486784379
460353132
381059391
143178168
429534506
288603513
865810541
597431611
792294828
376884472
130653411
391960235
175880700
527642102
582926301
748778898
246336682
739010048
217030132
651090398
953271189
859813555
579440653
738321954
214965850
644897552
934692651
804077941
412233811
236701428
710104286
130312846
390938540
172815615
518446847
555340536
666021603
998064804
994194400
982583188
947749552
843248644
529745920
589237755
767713260
303139768
909419306
728257906
184773706
554321120
662963355
988890060
966670168
900010492
700031464
100094380
300283142
900849428
702548272
107644804
322934414
968803244
906409720
719229148
157687432
473062298
419186889
257560662
772681988
318045952
954137858
862413562
587240674
761722017
285166039
855498119
566494345
699483030
98449078
295347236
886041710
