41200031050
7932558500
637004359540
12525240630
411887476
34038734080
2391484095
1721008725800
921075844
11319484
4112535219464
55950280
623412807524
1506534582560
1841803927425
4766078513570
2382932605040
594825165081
926400262105
6493035935
63434208496
654767593060
2680207507880
829572944025
1647398295620
822596079425
11236456
821581900140
139849243356
168221474960
308784879581
4534739006076
23488787410
154999994720
2482063846604
4554215786
777499512020
4855469583705
1283955400
181485366264
2870580560800
444903669496
1461642276871
54182163750
52590509884
1006750080986
458706703455
1798732635700
234908111486
3088980826480
326224462620
4192292345
2128920013000
23353639365
661387665756
39166555340
3584690918865
3229373421820
4427047808236
407334818255
2705772687640
470691316040
4052651018940
4719473924
385860032460
3339903998061
612155963860
213293813656
3268849814044
5367159872760
1287859976
3905080579960
4081676539160
10916592960
2268187170500
3851693142570
17907141385
4157620013540
54276777520
3419094722000
966341014860
47633416236
1963977572410
1751056150151
4144400923914
3078487581345
29175353165
1075939011
646709133105
503388205320
883921059680
13889819944
5606993449581
35802361780
26787163836
2097383658790
4986820564180
17492277516
83585404280
4893439849025
